<?xml version="1.0" encoding="UTF-8"?>
<testsuite name="com.test.greenline.suite.GreenLineTests" time="0.034" tests="7" errors="2" skipped="5" failures="0">
  <properties>
    <property name="java.runtime.name" value="Java(TM) SE Runtime Environment"/>
    <property name="sun.boot.library.path" value="C:\Program Files\Java\jdk1.8.0_65\jre\bin"/>
    <property name="java.vm.version" value="25.65-b01"/>
    <property name="java.vm.vendor" value="Oracle Corporation"/>
    <property name="maven.multiModuleProjectDirectory" value="C:\Users\a633869\eclipse\greenline"/>
    <property name="java.vendor.url" value="http://java.oracle.com/"/>
    <property name="path.separator" value=";"/>
    <property name="guice.disable.misplaced.annotation.check" value="true"/>
    <property name="java.vm.name" value="Java HotSpot(TM) 64-Bit Server VM"/>
    <property name="file.encoding.pkg" value="sun.io"/>
    <property name="user.script" value=""/>
    <property name="user.country" value="US"/>
    <property name="sun.java.launcher" value="SUN_STANDARD"/>
    <property name="sun.os.patch.level" value="Service Pack 1"/>
    <property name="java.vm.specification.name" value="Java Virtual Machine Specification"/>
    <property name="user.dir" value="C:\Users\a633869\eclipse\greenline"/>
    <property name="java.runtime.version" value="1.8.0_65-b17"/>
    <property name="java.awt.graphicsenv" value="sun.awt.Win32GraphicsEnvironment"/>
    <property name="java.endorsed.dirs" value="C:\Program Files\Java\jdk1.8.0_65\jre\lib\endorsed"/>
    <property name="os.arch" value="amd64"/>
    <property name="java.io.tmpdir" value="C:\Users\a633869\AppData\Local\Temp\"/>
    <property name="line.separator" value="&#10;"/>
    <property name="java.vm.specification.vendor" value="Oracle Corporation"/>
    <property name="user.variant" value=""/>
    <property name="os.name" value="Windows 7"/>
    <property name="classworlds.conf" value="C:\Users\a633869\eclipse\.metadata\.plugins\org.eclipse.m2e.launching\launches\m2conf7140573987237305181.tmp"/>
    <property name="sun.jnu.encoding" value="Cp1252"/>
    <property name="java.library.path" value="C:\Program Files\Java\jdk1.8.0_65\bin;C:\WINDOWS\Sun\Java\bin;C:\WINDOWS\system32;C:\WINDOWS;C:/Program Files/Java/jdk1.8.0_65/jre/bin/server;C:/Program Files/Java/jdk1.8.0_65/jre/bin;C:/Program Files/Java/jdk1.8.0_65/jre/lib/amd64;C:\WINDOWS\system32;C:\WINDOWS;C:\WINDOWS\System32\Wbem;C:\WINDOWS\System32\WindowsPowerShell\v1.0\;C:\Program Files (x86)\Enterprise Vault\EVClient\;C:\Program Files (x86)\Microsoft Office 2010\Office14;C:\Program Files\Citrix\System32\;C:\Program Files\Citrix\ICAService\;C:\WINDOWS\System32\WindowsPowerShell\v1.0\;C:\Users\a633869\AppData\Roaming\Microsoft\Windows\Start Menu\Programs\Eclipse;;."/>
    <property name="java.specification.name" value="Java Platform API Specification"/>
    <property name="java.class.version" value="52.0"/>
    <property name="sun.management.compiler" value="HotSpot 64-Bit Tiered Compilers"/>
    <property name="os.version" value="6.1"/>
    <property name="user.home" value="C:\Users\a633869"/>
    <property name="user.timezone" value="America/New_York"/>
    <property name="java.awt.printerjob" value="sun.awt.windows.WPrinterJob"/>
    <property name="java.specification.version" value="1.8"/>
    <property name="file.encoding" value="Cp1252"/>
    <property name="user.name" value="a633869"/>
    <property name="java.class.path" value="C:\Users\a633869\.p2\pool\plugins\org.eclipse.m2e.maven.runtime_1.9.0.20180606-2035\jars\plexus-classworlds-2.5.2.jar"/>
    <property name="java.vm.specification.version" value="1.8"/>
    <property name="sun.arch.data.model" value="64"/>
    <property name="java.home" value="C:\Program Files\Java\jdk1.8.0_65\jre"/>
    <property name="sun.java.command" value="org.codehaus.plexus.classworlds.launcher.Launcher -B clean verify"/>
    <property name="java.specification.vendor" value="Oracle Corporation"/>
    <property name="user.language" value="en"/>
    <property name="awt.toolkit" value="sun.awt.windows.WToolkit"/>
    <property name="java.vm.info" value="mixed mode"/>
    <property name="java.version" value="1.8.0_65"/>
    <property name="java.ext.dirs" value="C:\Program Files\Java\jdk1.8.0_65\jre\lib\ext;C:\WINDOWS\Sun\Java\lib\ext"/>
    <property name="sun.boot.class.path" value="C:\Program Files\Java\jdk1.8.0_65\jre\lib\resources.jar;C:\Program Files\Java\jdk1.8.0_65\jre\lib\rt.jar;C:\Program Files\Java\jdk1.8.0_65\jre\lib\sunrsasign.jar;C:\Program Files\Java\jdk1.8.0_65\jre\lib\jsse.jar;C:\Program Files\Java\jdk1.8.0_65\jre\lib\jce.jar;C:\Program Files\Java\jdk1.8.0_65\jre\lib\charsets.jar;C:\Program Files\Java\jdk1.8.0_65\jre\lib\jfr.jar;C:\Program Files\Java\jdk1.8.0_65\jre\classes"/>
    <property name="java.vendor" value="Oracle Corporation"/>
    <property name="maven.home" value="C:\Users\a633869\eclipse\greenline\EMBEDDED"/>
    <property name="file.separator" value="\"/>
    <property name="java.vendor.url.bug" value="http://bugreport.sun.com/bugreport/"/>
    <property name="sun.cpu.endian" value="little"/>
    <property name="sun.io.unicode.encoding" value="UnicodeLittle"/>
    <property name="sun.desktop" value="windows"/>
    <property name="sun.cpu.isalist" value="amd64"/>
  </properties>
  <testcase name="Given I want to navigate to GFR UI" classname="Scenario: ECA REST order shows up in the  orders grid" time="0.01">
    <error type="java.lang.NullPointerException:">java.lang.NullPointerException: null
	at com.test.greenline.stepdefinitions.GreenLineNavigateStepDefinitions.i_want_to_navigate_to_GFR_UI(GreenLineNavigateStepDefinitions.java:18)
	at ✽.Given I want to navigate to GFR UI(greenLine.feature:7)
</error>
    <system-err><![CDATA[SLF4J: Failed to load class "org.slf4j.impl.StaticLoggerBinder".
SLF4J: Defaulting to no-operation (NOP) logger implementation
SLF4J: See http://www.slf4j.org/codes.html#StaticLoggerBinder for further details.
]]></system-err>
  </testcase>
  <testcase name="Scenario: ECA REST order shows up in the  orders grid" classname="Scenario: ECA REST order shows up in the  orders grid" time="0.024">
    <error type="java.lang.NullPointerException:">java.lang.NullPointerException: null
	at com.test.greenline.stepdefinitions.GreenLineNavigateStepDefinitions.i_want_to_navigate_to_GFR_UI(GreenLineNavigateStepDefinitions.java:18)
	at ✽.Given I want to navigate to GFR UI(greenLine.feature:7)
</error>
  </testcase>
  <testcase name="When I click on FBCP Application cluster" classname="Scenario: ECA REST order shows up in the  orders grid" time="0">
    <skipped/>
  </testcase>
  <testcase name="Then I click on DashBoard" classname="Scenario: ECA REST order shows up in the  orders grid" time="0">
    <skipped/>
  </testcase>
  <testcase name="Then I mouse over on FixMessage" classname="Scenario: ECA REST order shows up in the  orders grid" time="0">
    <skipped/>
  </testcase>
  <testcase name="Then I click on Orders&amp;Execution" classname="Scenario: ECA REST order shows up in the  orders grid" time="0">
    <skipped/>
  </testcase>
  <testcase name="Then I search for ClOrdID" classname="Scenario: ECA REST order shows up in the  orders grid" time="0">
    <skipped/>
  </testcase>
</testsuite>